\BOOKMARK [1][-]{Doc-Start}{\376\377\000R\000e\000s\000u\000m\000o}{}% 1
\BOOKMARK [1][-]{section.1}{\376\377\000I\000n\000t\000r\000o\000d\000u\000\347\000\343\000o}{}% 2
\BOOKMARK [2][-]{subsection.1.1}{\376\377\000C\000o\000n\000t\000e\000x\000t\000u\000a\000l\000i\000z\000a\000\347\000\343\000o}{section.1}% 3
\BOOKMARK [2][-]{subsection.1.2}{\376\377\000O\000\040\000A\000l\000g\000o\000r\000i\000t\000m\000o\000\040\000N\000S\000G\000A\000-\000I\000I}{section.1}% 4
\BOOKMARK [2][-]{subsection.1.3}{\376\377\000P\000r\000o\000b\000l\000e\000m\000a\000s\000\040\000d\000e\000\040\000B\000e\000n\000c\000h\000m\000a\000r\000k\000\040\000Z\000D\000T}{section.1}% 5
\BOOKMARK [3][-]{subsubsection.1.3.1}{\376\377\000Z\000D\000T\0001\000\040\000-\000\040\000P\000r\000o\000b\000l\000e\000m\000a\000\040\000C\000o\000n\000t\000\355\000n\000u\000o}{subsection.1.3}% 6
\BOOKMARK [3][-]{subsubsection.1.3.2}{\376\377\000Z\000D\000T\0003\000\040\000-\000\040\000P\000r\000o\000b\000l\000e\000m\000a\000\040\000D\000e\000s\000c\000o\000n\000t\000\355\000n\000u\000o}{subsection.1.3}% 7
\BOOKMARK [2][-]{subsection.1.4}{\376\377\000M\000o\000t\000i\000v\000a\000\347\000\343\000o\000\040\000d\000o\000\040\000E\000s\000t\000u\000d\000o}{section.1}% 8
\BOOKMARK [2][-]{subsection.1.5}{\376\377\000O\000b\000j\000e\000t\000i\000v\000o\000s\000\040\000E\000s\000p\000e\000c\000\355\000f\000i\000c\000o\000s}{section.1}% 9
\BOOKMARK [2][-]{subsection.1.6}{\376\377\000E\000s\000t\000r\000u\000t\000u\000r\000a\000\040\000d\000o\000\040\000R\000e\000l\000a\000t\000\363\000r\000i\000o}{section.1}% 10
\BOOKMARK [1][-]{section.2}{\376\377\000M\000e\000t\000o\000d\000o\000l\000o\000g\000i\000a}{}% 11
\BOOKMARK [2][-]{subsection.2.1}{\376\377\000A\000l\000g\000o\000r\000i\000t\000m\000o\000s\000\040\000I\000m\000p\000l\000e\000m\000e\000n\000t\000a\000d\000o\000s}{section.2}% 12
\BOOKMARK [3][-]{subsubsection.2.1.1}{\376\377\000N\000S\000G\000A\000-\000I\000I\000\040\000P\000a\000d\000r\000\343\000o}{subsection.2.1}% 13
\BOOKMARK [3][-]{subsubsection.2.1.2}{\376\377\000N\000S\000G\000A\000-\000I\000I\000\040\000c\000o\000m\000\040\000N\000o\000r\000m\000a\000l\000i\000z\000a\000\347\000\343\000o\000\040\000F\000i\000x\000a}{subsection.2.1}% 14
\BOOKMARK [3][-]{subsubsection.2.1.3}{\376\377\000N\000S\000G\000A\000-\000I\000I\000\040\000s\000e\000m\000\040\000C\000r\000o\000w\000d\000i\000n\000g\000\040\000D\000i\000s\000t\000a\000n\000c\000e}{subsection.2.1}% 15
\BOOKMARK [3][-]{subsubsection.2.1.4}{\376\377\000R\000a\000n\000d\000o\000m\000\040\000S\000e\000a\000r\000c\000h\000\040\000\050\000B\000a\000s\000e\000l\000i\000n\000e\000\051}{subsection.2.1}% 16
\BOOKMARK [2][-]{subsection.2.2}{\376\377\000M\000\351\000t\000r\000i\000c\000a\000s\000\040\000d\000e\000\040\000P\000e\000r\000f\000o\000r\000m\000a\000n\000c\000e}{section.2}% 17
\BOOKMARK [3][-]{subsubsection.2.2.1}{\376\377\000H\000y\000p\000e\000r\000v\000o\000l\000u\000m\000e\000\040\000\050\000H\000V\000\051}{subsection.2.2}% 18
\BOOKMARK [3][-]{subsubsection.2.2.2}{\376\377\000S\000p\000a\000c\000i\000n\000g\000\040\000\050\000S\000P\000\051}{subsection.2.2}% 19
\BOOKMARK [2][-]{subsection.2.3}{\376\377\000R\000a\000s\000t\000r\000e\000a\000m\000e\000n\000t\000o\000\040\000d\000e\000\040\000C\000o\000n\000v\000e\000r\000g\000\352\000n\000c\000i\000a}{section.2}% 20
\BOOKMARK [2][-]{subsection.2.4}{\376\377\000A\000n\000\341\000l\000i\000s\000e\000\040\000E\000s\000t\000a\000t\000\355\000s\000t\000i\000c\000a}{section.2}% 21
\BOOKMARK [2][-]{subsection.2.5}{\376\377\000V\000i\000s\000u\000a\000l\000i\000z\000a\000\347\000\365\000e\000s\000\040\000G\000e\000r\000a\000d\000a\000s}{section.2}% 22
\BOOKMARK [1][-]{section.3}{\376\377\000C\000o\000n\000f\000i\000g\000u\000r\000a\000\347\000\343\000o\000\040\000E\000x\000p\000e\000r\000i\000m\000e\000n\000t\000a\000l}{}% 23
\BOOKMARK [2][-]{subsection.3.1}{\376\377\000P\000a\000r\000\342\000m\000e\000t\000r\000o\000s\000\040\000d\000o\000s\000\040\000A\000l\000g\000o\000r\000i\000t\000m\000o\000s}{section.3}% 24
\BOOKMARK [2][-]{subsection.3.2}{\376\377\000E\000s\000p\000e\000c\000i\000f\000i\000c\000a\000\347\000\343\000o\000\040\000d\000o\000s\000\040\000P\000r\000o\000b\000l\000e\000m\000a\000s}{section.3}% 25
\BOOKMARK [3][-]{subsubsection.3.2.1}{\376\377\000Z\000D\000T\0001}{subsection.3.2}% 26
\BOOKMARK [3][-]{subsubsection.3.2.2}{\376\377\000Z\000D\000T\0003}{subsection.3.2}% 27
\BOOKMARK [2][-]{subsection.3.3}{\376\377\000C\000o\000n\000f\000i\000g\000u\000r\000a\000\347\000\365\000e\000s\000\040\000A\000v\000a\000l\000i\000a\000d\000a\000s}{section.3}% 28
\BOOKMARK [2][-]{subsection.3.4}{\376\377\000I\000n\000f\000r\000a\000e\000s\000t\000r\000u\000t\000u\000r\000a\000\040\000C\000o\000m\000p\000u\000t\000a\000c\000i\000o\000n\000a\000l}{section.3}% 29
\BOOKMARK [2][-]{subsection.3.5}{\376\377\000P\000r\000o\000t\000o\000c\000o\000l\000o\000\040\000E\000x\000p\000e\000r\000i\000m\000e\000n\000t\000a\000l}{section.3}% 30
\BOOKMARK [2][-]{subsection.3.6}{\376\377\000G\000a\000r\000a\000n\000t\000i\000a\000\040\000d\000e\000\040\000Q\000u\000a\000l\000i\000d\000a\000d\000e}{section.3}% 31
\BOOKMARK [2][-]{subsection.3.7}{\376\377\000L\000i\000m\000i\000t\000a\000\347\000\365\000e\000s\000\040\000C\000o\000n\000h\000e\000c\000i\000d\000a\000s}{section.3}% 32
\BOOKMARK [1][-]{section.4}{\376\377\000R\000e\000s\000u\000l\000t\000a\000d\000o\000s}{}% 33
\BOOKMARK [2][-]{subsection.4.1}{\376\377\000A\000n\000\341\000l\000i\000s\000e\000\040\000Q\000u\000a\000l\000i\000t\000a\000t\000i\000v\000a\000:\000\040\000F\000r\000o\000n\000t\000e\000i\000r\000a\000s\000\040\000d\000e\000\040\000P\000a\000r\000e\000t\000o}{section.4}% 34
\BOOKMARK [3][-]{subsubsection.4.1.1}{\376\377\000O\000b\000s\000e\000r\000v\000a\000\347\000\365\000e\000s\000\040\000-\000\040\000Z\000D\000T\0001}{subsection.4.1}% 35
\BOOKMARK [3][-]{subsubsection.4.1.2}{\376\377\000O\000b\000s\000e\000r\000v\000a\000\347\000\365\000e\000s\000\040\000-\000\040\000Z\000D\000T\0003}{subsection.4.1}% 36
\BOOKMARK [2][-]{subsection.4.2}{\376\377\000A\000n\000\341\000l\000i\000s\000e\000\040\000Q\000u\000a\000n\000t\000i\000t\000a\000t\000i\000v\000a\000:\000\040\000H\000y\000p\000e\000r\000v\000o\000l\000u\000m\000e}{section.4}% 37
\BOOKMARK [3][-]{subsubsection.4.2.1}{\376\377\000R\000e\000s\000u\000l\000t\000a\000d\000o\000s\000\040\000A\000g\000r\000e\000g\000a\000d\000o\000s}{subsection.4.2}% 38
\BOOKMARK [3][-]{subsubsection.4.2.2}{\376\377\000D\000i\000s\000t\000r\000i\000b\000u\000i\000\347\000\343\000o\000\040\000E\000s\000t\000a\000t\000\355\000s\000t\000i\000c\000a}{subsection.4.2}% 39
\BOOKMARK [2][-]{subsection.4.3}{\376\377\000A\000n\000\341\000l\000i\000s\000e\000\040\000Q\000u\000a\000n\000t\000i\000t\000a\000t\000i\000v\000a\000:\000\040\000S\000p\000a\000c\000i\000n\000g}{section.4}% 40
\BOOKMARK [3][-]{subsubsection.4.3.1}{\376\377\000R\000e\000s\000u\000l\000t\000a\000d\000o\000s\000\040\000A\000g\000r\000e\000g\000a\000d\000o\000s}{subsection.4.3}% 41
\BOOKMARK [3][-]{subsubsection.4.3.2}{\376\377\000D\000i\000s\000t\000r\000i\000b\000u\000i\000\347\000\343\000o\000\040\000E\000s\000t\000a\000t\000\355\000s\000t\000i\000c\000a}{subsection.4.3}% 42
\BOOKMARK [2][-]{subsection.4.4}{\376\377\000C\000o\000m\000p\000a\000r\000a\000\347\000\343\000o\000\040\000e\000n\000t\000r\000e\000\040\000P\000r\000o\000b\000l\000e\000m\000a\000s}{section.4}% 43
\BOOKMARK [1][-]{section.5}{\376\377\000A\000n\000\341\000l\000i\000s\000e\000\040\000d\000e\000\040\000C\000o\000n\000v\000e\000r\000g\000\352\000n\000c\000i\000a}{}% 44
\BOOKMARK [2][-]{subsection.5.1}{\376\377\000E\000v\000o\000l\000u\000\347\000\343\000o\000\040\000d\000o\000\040\000H\000y\000p\000e\000r\000v\000o\000l\000u\000m\000e}{section.5}% 45
\BOOKMARK [3][-]{subsubsection.5.1.1}{\376\377\000D\000i\000n\000\342\000m\000i\000c\000a\000\040\000T\000e\000m\000p\000o\000r\000a\000l\000\040\000-\000\040\000Z\000D\000T\0001}{subsection.5.1}% 46
\BOOKMARK [3][-]{subsubsection.5.1.2}{\376\377\000A\000n\000\341\000l\000i\000s\000e\000\040\000C\000o\000m\000p\000a\000r\000a\000t\000i\000v\000a}{subsection.5.1}% 47
\BOOKMARK [2][-]{subsection.5.2}{\376\377\000E\000v\000o\000l\000u\000\347\000\343\000o\000\040\000d\000o\000\040\000S\000p\000a\000c\000i\000n\000g}{section.5}% 48
\BOOKMARK [2][-]{subsection.5.3}{\376\377\000E\000v\000o\000l\000u\000\347\000\343\000o\000\040\000d\000o\000\040\000T\000a\000m\000a\000n\000h\000o\000\040\000d\000o\000\040\000P\000a\000r\000e\000t\000o}{section.5}% 49
\BOOKMARK [2][-]{subsection.5.4}{\376\377\000V\000i\000s\000\343\000o\000\040\000I\000n\000t\000e\000g\000r\000a\000d\000a\000:\000\040\000M\000\351\000t\000r\000i\000c\000a\000s\000\040\000C\000o\000m\000b\000i\000n\000a\000d\000a\000s}{section.5}% 50
\BOOKMARK [2][-]{subsection.5.5}{\376\377\000A\000n\000\341\000l\000i\000s\000e\000\040\000d\000e\000\040\000V\000a\000r\000i\000a\000b\000i\000l\000i\000d\000a\000d\000e\000\040\000E\000s\000t\000o\000c\000\341\000s\000t\000i\000c\000a}{section.5}% 51
\BOOKMARK [3][-]{subsubsection.5.5.1}{\376\377\000D\000e\000s\000v\000i\000o\000\040\000P\000a\000d\000r\000\343\000o\000\040\000T\000e\000m\000p\000o\000r\000a\000l}{subsection.5.5}% 52
\BOOKMARK [3][-]{subsubsection.5.5.2}{\376\377\000C\000o\000e\000f\000i\000c\000i\000e\000n\000t\000e\000\040\000d\000e\000\040\000V\000a\000r\000i\000a\000\347\000\343\000o}{subsection.5.5}% 53
\BOOKMARK [2][-]{subsection.5.6}{\376\377\000S\000\355\000n\000t\000e\000s\000e\000\040\000d\000a\000\040\000A\000n\000\341\000l\000i\000s\000e\000\040\000d\000e\000\040\000C\000o\000n\000v\000e\000r\000g\000\352\000n\000c\000i\000a}{section.5}% 54
\BOOKMARK [3][-]{subsubsection.5.6.1}{\376\377\000P\000r\000i\000n\000c\000i\000p\000a\000i\000s\000\040\000D\000e\000s\000c\000o\000b\000e\000r\000t\000a\000s}{subsection.5.6}% 55
\BOOKMARK [3][-]{subsubsection.5.6.2}{\376\377\000I\000m\000p\000l\000i\000c\000a\000\347\000\365\000e\000s\000\040\000P\000r\000\341\000t\000i\000c\000a\000s}{subsection.5.6}% 56
\BOOKMARK [1][-]{section.6}{\376\377\000A\000n\000\341\000l\000i\000s\000e\000\040\000d\000e\000\040\000E\000s\000c\000a\000l\000a\000b\000i\000l\000i\000d\000a\000d\000e}{}% 57
\BOOKMARK [2][-]{subsection.6.1}{\376\377\000M\000o\000t\000i\000v\000a\000\347\000\343\000o}{section.6}% 58
\BOOKMARK [2][-]{subsection.6.2}{\376\377\000C\000o\000n\000f\000i\000g\000u\000r\000a\000\347\000\343\000o\000\040\000E\000x\000p\000e\000r\000i\000m\000e\000n\000t\000a\000l}{section.6}% 59
\BOOKMARK [3][-]{subsubsection.6.2.1}{\376\377\000P\000a\000r\000\342\000m\000e\000t\000r\000o\000s}{subsection.6.2}% 60
\BOOKMARK [3][-]{subsubsection.6.2.2}{\376\377\000H\000i\000p\000\363\000t\000e\000s\000e\000s}{subsection.6.2}% 61
\BOOKMARK [2][-]{subsection.6.3}{\376\377\000R\000e\000s\000u\000l\000t\000a\000d\000o\000s}{section.6}% 62
\BOOKMARK [3][-]{subsubsection.6.3.1}{\376\377\000I\000m\000p\000a\000c\000t\000o\000\040\000n\000o\000\040\000H\000y\000p\000e\000r\000v\000o\000l\000u\000m\000e}{subsection.6.3}% 63
\BOOKMARK [3][-]{subsubsection.6.3.2}{\376\377\000I\000m\000p\000a\000c\000t\000o\000\040\000n\000o\000\040\000S\000p\000a\000c\000i\000n\000g}{subsection.6.3}% 64
\BOOKMARK [3][-]{subsubsection.6.3.3}{\376\377\000C\000o\000m\000p\000a\000r\000a\000\347\000\343\000o\000\040\000C\000o\000n\000s\000o\000l\000i\000d\000a\000d\000a}{subsection.6.3}% 65
\BOOKMARK [2][-]{subsection.6.4}{\376\377\000A\000n\000\341\000l\000i\000s\000e\000\040\000E\000s\000t\000a\000t\000\355\000s\000t\000i\000c\000a}{section.6}% 66
\BOOKMARK [3][-]{subsubsection.6.4.1}{\376\377\000T\000a\000b\000e\000l\000a\000\040\000d\000e\000\040\000R\000e\000s\000u\000l\000t\000a\000d\000o\000s\000\040\000C\000o\000n\000s\000o\000l\000i\000d\000a\000d\000o\000s}{subsection.6.4}% 67
\BOOKMARK [3][-]{subsubsection.6.4.2}{\376\377\000T\000a\000x\000a\000s\000\040\000d\000e\000\040\000D\000e\000g\000r\000a\000d\000a\000\347\000\343\000o}{subsection.6.4}% 68
\BOOKMARK [2][-]{subsection.6.5}{\376\377\000I\000n\000t\000e\000r\000p\000r\000e\000t\000a\000\347\000\343\000o}{section.6}% 69
\BOOKMARK [3][-]{subsubsection.6.5.1}{\376\377\000V\000a\000l\000i\000d\000a\000\347\000\343\000o\000\040\000d\000e\000\040\000H\000i\000p\000\363\000t\000e\000s\000e\000s}{subsection.6.5}% 70
\BOOKMARK [3][-]{subsubsection.6.5.2}{\376\377\000M\000a\000l\000d\000i\000\347\000\343\000o\000\040\000d\000a\000\040\000D\000i\000m\000e\000n\000s\000i\000o\000n\000a\000l\000i\000d\000a\000d\000e}{subsection.6.5}% 71
\BOOKMARK [3][-]{subsubsection.6.5.3}{\376\377\000D\000e\000s\000a\000f\000i\000o\000\040\000d\000e\000\040\000D\000i\000v\000e\000r\000s\000i\000d\000a\000d\000e}{subsection.6.5}% 72
\BOOKMARK [3][-]{subsubsection.6.5.4}{\376\377\000I\000m\000p\000a\000c\000t\000o\000\040\000d\000a\000\040\000D\000e\000s\000c\000o\000n\000t\000i\000n\000u\000i\000d\000a\000d\000e}{subsection.6.5}% 73
\BOOKMARK [2][-]{subsection.6.6}{\376\377\000C\000o\000m\000p\000a\000r\000a\000\347\000\343\000o\000\040\000c\000o\000m\000\040\000L\000i\000t\000e\000r\000a\000t\000u\000r\000a}{section.6}% 74
\BOOKMARK [3][-]{subsubsection.6.6.1}{\376\377\000E\000s\000t\000u\000d\000o\000s\000\040\000A\000n\000t\000e\000r\000i\000o\000r\000e\000s}{subsection.6.6}% 75
\BOOKMARK [3][-]{subsubsection.6.6.2}{\376\377\000P\000o\000s\000i\000c\000i\000o\000n\000a\000m\000e\000n\000t\000o\000\040\000d\000o\000s\000\040\000R\000e\000s\000u\000l\000t\000a\000d\000o\000s}{subsection.6.6}% 76
\BOOKMARK [2][-]{subsection.6.7}{\376\377\000R\000e\000c\000o\000m\000e\000n\000d\000a\000\347\000\365\000e\000s\000\040\000P\000r\000\341\000t\000i\000c\000a\000s}{section.6}% 77
\BOOKMARK [3][-]{subsubsection.6.7.1}{\376\377\000A\000j\000u\000s\000t\000e\000\040\000d\000e\000\040\000P\000a\000r\000\342\000m\000e\000t\000r\000o\000s}{subsection.6.7}% 78
\BOOKMARK [3][-]{subsubsection.6.7.2}{\376\377\000A\000l\000t\000e\000r\000n\000a\000t\000i\000v\000a\000s\000\040\000A\000l\000g\000o\000r\000\355\000t\000m\000i\000c\000a\000s}{subsection.6.7}% 79
\BOOKMARK [2][-]{subsection.6.8}{\376\377\000L\000i\000m\000i\000t\000a\000\347\000\365\000e\000s\000\040\000e\000\040\000T\000r\000a\000b\000a\000l\000h\000o\000s\000\040\000F\000u\000t\000u\000r\000o\000s}{section.6}% 80
\BOOKMARK [3][-]{subsubsection.6.8.1}{\376\377\000L\000i\000m\000i\000t\000a\000\347\000\365\000e\000s\000\040\000d\000o\000\040\000E\000s\000t\000u\000d\000o}{subsection.6.8}% 81
\BOOKMARK [3][-]{subsubsection.6.8.2}{\376\377\000E\000x\000t\000e\000n\000s\000\365\000e\000s\000\040\000F\000u\000t\000u\000r\000a\000s}{subsection.6.8}% 82
\BOOKMARK [2][-]{subsection.6.9}{\376\377\000C\000o\000n\000c\000l\000u\000s\000\343\000o\000\040\000d\000a\000\040\000A\000n\000\341\000l\000i\000s\000e\000\040\000d\000e\000\040\000E\000s\000c\000a\000l\000a\000b\000i\000l\000i\000d\000a\000d\000e}{section.6}% 83
\BOOKMARK [1][-]{section.7}{\376\377\000D\000i\000s\000c\000u\000s\000s\000\343\000o}{}% 84
\BOOKMARK [2][-]{subsection.7.1}{\376\377\000I\000n\000t\000e\000r\000p\000r\000e\000t\000a\000\347\000\343\000o\000\040\000d\000o\000s\000\040\000R\000e\000s\000u\000l\000t\000a\000d\000o\000s}{section.7}% 85
\BOOKMARK [3][-]{subsubsection.7.1.1}{\376\377\000S\000u\000p\000e\000r\000i\000o\000r\000i\000d\000a\000d\000e\000\040\000d\000o\000\040\000N\000S\000G\000A\000-\000I\000I}{subsection.7.1}% 86
\BOOKMARK [3][-]{subsubsection.7.1.2}{\376\377\000P\000a\000p\000e\000l\000\040\000d\000a\000\040\000C\000r\000o\000w\000d\000i\000n\000g\000\040\000D\000i\000s\000t\000a\000n\000c\000e}{subsection.7.1}% 87
\BOOKMARK [3][-]{subsubsection.7.1.3}{\376\377\000N\000o\000r\000m\000a\000l\000i\000z\000a\000\347\000\343\000o\000\040\000d\000e\000\040\000O\000b\000j\000e\000t\000i\000v\000o\000s}{subsection.7.1}% 88
\BOOKMARK [3][-]{subsubsection.7.1.4}{\376\377\000I\000n\000e\000f\000i\000c\000\341\000c\000i\000a\000\040\000d\000o\000\040\000R\000a\000n\000d\000o\000m\000\040\000S\000e\000a\000r\000c\000h}{subsection.7.1}% 89
\BOOKMARK [2][-]{subsection.7.2}{\376\377\000C\000o\000m\000p\000a\000r\000a\000\347\000\343\000o\000\040\000c\000o\000m\000\040\000L\000i\000t\000e\000r\000a\000t\000u\000r\000a}{section.7}% 90
\BOOKMARK [3][-]{subsubsection.7.2.1}{\376\377\000B\000e\000n\000c\000h\000m\000a\000r\000k\000\040\000Z\000D\000T}{subsection.7.2}% 91
\BOOKMARK [3][-]{subsubsection.7.2.2}{\376\377\000A\000n\000\341\000l\000i\000s\000e\000\040\000d\000e\000\040\000C\000o\000n\000v\000e\000r\000g\000\352\000n\000c\000i\000a}{subsection.7.2}% 92
\BOOKMARK [2][-]{subsection.7.3}{\376\377\000L\000i\000m\000i\000t\000a\000\347\000\365\000e\000s\000\040\000d\000o\000\040\000E\000s\000t\000u\000d\000o}{section.7}% 93
\BOOKMARK [3][-]{subsubsection.7.3.1}{\376\377\000E\000s\000c\000o\000p\000o\000\040\000d\000e\000\040\000P\000r\000o\000b\000l\000e\000m\000a\000s}{subsection.7.3}% 94
\BOOKMARK [3][-]{subsubsection.7.3.2}{\376\377\000E\000s\000p\000a\000\347\000o\000\040\000d\000e\000\040\000C\000o\000n\000f\000i\000g\000u\000r\000a\000\347\000\343\000o}{subsection.7.3}% 95
\BOOKMARK [3][-]{subsubsection.7.3.3}{\376\377\000M\000\351\000t\000r\000i\000c\000a\000s\000\040\000d\000e\000\040\000Q\000u\000a\000l\000i\000d\000a\000d\000e}{subsection.7.3}% 96
\BOOKMARK [3][-]{subsubsection.7.3.4}{\376\377\000A\000n\000\341\000l\000i\000s\000e\000\040\000E\000s\000t\000a\000t\000\355\000s\000t\000i\000c\000a}{subsection.7.3}% 97
\BOOKMARK [2][-]{subsection.7.4}{\376\377\000A\000m\000e\000a\000\347\000a\000s\000\040\000\340\000\040\000V\000a\000l\000i\000d\000a\000d\000e}{section.7}% 98
\BOOKMARK [3][-]{subsubsection.7.4.1}{\376\377\000V\000a\000l\000i\000d\000a\000d\000e\000\040\000I\000n\000t\000e\000r\000n\000a}{subsection.7.4}% 99
\BOOKMARK [3][-]{subsubsection.7.4.2}{\376\377\000V\000a\000l\000i\000d\000a\000d\000e\000\040\000E\000x\000t\000e\000r\000n\000a}{subsection.7.4}% 100
\BOOKMARK [3][-]{subsubsection.7.4.3}{\376\377\000V\000a\000l\000i\000d\000a\000d\000e\000\040\000d\000e\000\040\000C\000o\000n\000s\000t\000r\000u\000t\000o}{subsection.7.4}% 101
\BOOKMARK [2][-]{subsection.7.5}{\376\377\000T\000r\000a\000b\000a\000l\000h\000o\000s\000\040\000F\000u\000t\000u\000r\000o\000s}{section.7}% 102
\BOOKMARK [3][-]{subsubsection.7.5.1}{\376\377\000E\000x\000t\000e\000n\000s\000\365\000e\000s\000\040\000I\000m\000e\000d\000i\000a\000t\000a\000s}{subsection.7.5}% 103
\BOOKMARK [3][-]{subsubsection.7.5.2}{\376\377\000I\000n\000v\000e\000s\000t\000i\000g\000a\000\347\000\365\000e\000s\000\040\000A\000p\000r\000o\000f\000u\000n\000d\000a\000d\000a\000s}{subsection.7.5}% 104
\BOOKMARK [3][-]{subsubsection.7.5.3}{\376\377\000M\000a\000n\000y\000-\000O\000b\000j\000e\000c\000t\000i\000v\000e\000\040\000O\000p\000t\000i\000m\000i\000z\000a\000t\000i\000o\000n}{subsection.7.5}% 105
\BOOKMARK [3][-]{subsubsection.7.5.4}{\376\377\000A\000p\000l\000i\000c\000a\000\347\000\365\000e\000s\000\040\000R\000e\000a\000i\000s}{subsection.7.5}% 106
\BOOKMARK [3][-]{subsubsection.7.5.5}{\376\377\000A\000s\000p\000e\000c\000t\000o\000s\000\040\000T\000e\000\363\000r\000i\000c\000o\000s}{subsection.7.5}% 107
\BOOKMARK [2][-]{subsection.7.6}{\376\377\000S\000\355\000n\000t\000e\000s\000e\000\040\000d\000a\000\040\000D\000i\000s\000c\000u\000s\000s\000\343\000o}{section.7}% 108
\BOOKMARK [1][-]{section.8}{\376\377\000C\000o\000n\000c\000l\000u\000s\000\343\000o}{}% 109
\BOOKMARK [2][-]{subsection.8.1}{\376\377\000S\000\355\000n\000t\000e\000s\000e\000\040\000d\000o\000s\000\040\000R\000e\000s\000u\000l\000t\000a\000d\000o\000s}{section.8}% 110
\BOOKMARK [3][-]{subsubsection.8.1.1}{\376\377\000P\000e\000r\000f\000o\000r\000m\000a\000n\000c\000e\000\040\000A\000l\000g\000o\000r\000\355\000t\000m\000i\000c\000a}{subsection.8.1}% 111
\BOOKMARK [3][-]{subsubsection.8.1.2}{\376\377\000D\000i\000n\000\342\000m\000i\000c\000a\000\040\000d\000e\000\040\000C\000o\000n\000v\000e\000r\000g\000\352\000n\000c\000i\000a}{subsection.8.1}% 112
\BOOKMARK [3][-]{subsubsection.8.1.3}{\376\377\000C\000o\000m\000p\000o\000n\000e\000n\000t\000e\000s\000\040\000A\000l\000g\000o\000r\000\355\000t\000m\000i\000c\000o\000s}{subsection.8.1}% 113
\BOOKMARK [2][-]{subsection.8.2}{\376\377\000C\000o\000n\000t\000r\000i\000b\000u\000i\000\347\000\365\000e\000s\000\040\000d\000o\000\040\000E\000s\000t\000u\000d\000o}{section.8}% 114
\BOOKMARK [3][-]{subsubsection.8.2.1}{\376\377\000C\000o\000n\000t\000r\000i\000b\000u\000i\000\347\000\365\000e\000s\000\040\000M\000e\000t\000o\000d\000o\000l\000\363\000g\000i\000c\000a\000s}{subsection.8.2}% 115
\BOOKMARK [3][-]{subsubsection.8.2.2}{\376\377\000C\000o\000n\000t\000r\000i\000b\000u\000i\000\347\000\365\000e\000s\000\040\000E\000m\000p\000\355\000r\000i\000c\000a\000s}{subsection.8.2}% 116
\BOOKMARK [3][-]{subsubsection.8.2.3}{\376\377\000C\000o\000n\000t\000r\000i\000b\000u\000i\000\347\000\365\000e\000s\000\040\000P\000r\000\341\000t\000i\000c\000a\000s}{subsection.8.2}% 117
\BOOKMARK [2][-]{subsection.8.3}{\376\377\000I\000m\000p\000l\000i\000c\000a\000\347\000\365\000e\000s}{section.8}% 118
\BOOKMARK [3][-]{subsubsection.8.3.1}{\376\377\000P\000a\000r\000a\000\040\000P\000e\000s\000q\000u\000i\000s\000a\000d\000o\000r\000e\000s}{subsection.8.3}% 119
\BOOKMARK [3][-]{subsubsection.8.3.2}{\376\377\000P\000a\000r\000a\000\040\000P\000r\000a\000t\000i\000c\000a\000n\000t\000e\000s}{subsection.8.3}% 120
\BOOKMARK [3][-]{subsubsection.8.3.3}{\376\377\000P\000a\000r\000a\000\040\000D\000e\000s\000e\000n\000v\000o\000l\000v\000i\000m\000e\000n\000t\000o\000\040\000d\000e\000\040\000S\000o\000f\000t\000w\000a\000r\000e}{subsection.8.3}% 121
\BOOKMARK [2][-]{subsection.8.4}{\376\377\000L\000i\000m\000i\000t\000a\000\347\000\365\000e\000s\000\040\000e\000\040\000T\000r\000a\000b\000a\000l\000h\000o\000s\000\040\000F\000u\000t\000u\000r\000o\000s}{section.8}% 122
\BOOKMARK [2][-]{subsection.8.5}{\376\377\000C\000o\000n\000s\000i\000d\000e\000r\000a\000\347\000\365\000e\000s\000\040\000F\000i\000n\000a\000i\000s}{section.8}% 123
\BOOKMARK [1][-]{section.9}{\376\377\000R\000e\000f\000e\000r\000\352\000n\000c\000i\000a\000s}{}% 124
\BOOKMARK [2][-]{subsection.9.1}{\376\377\000R\000e\000c\000u\000r\000s\000o\000s\000\040\000O\000n\000l\000i\000n\000e}{section.9}% 125
\BOOKMARK [2][-]{subsection.9.2}{\376\377\000F\000e\000r\000r\000a\000m\000e\000n\000t\000a\000s\000\040\000e\000\040\000B\000i\000b\000l\000i\000o\000t\000e\000c\000a\000s\000\040\000U\000t\000i\000l\000i\000z\000a\000d\000a\000s}{section.9}% 126
\BOOKMARK [2][-]{subsection.9.3}{\376\377\000R\000e\000p\000o\000s\000i\000t\000\363\000r\000i\000o\000\040\000d\000e\000\040\000C\000\363\000d\000i\000g\000o}{section.9}% 127
\BOOKMARK [1][-]{appendix.A}{\376\377\000A\000p\000\352\000n\000d\000i\000c\000e\000\040\000A\000:\000\040\000D\000e\000t\000a\000l\000h\000e\000s\000\040\000d\000e\000\040\000I\000m\000p\000l\000e\000m\000e\000n\000t\000a\000\347\000\343\000o}{}% 128
\BOOKMARK [2][-]{subsection.A.1}{\376\377\000P\000s\000e\000u\000d\000o\000c\000\363\000d\000i\000g\000o\000\040\000d\000o\000\040\000N\000S\000G\000A\000-\000I\000I}{appendix.A}% 129
\BOOKMARK [2][-]{subsection.A.2}{\376\377\000C\000\341\000l\000c\000u\000l\000o\000\040\000d\000e\000\040\000H\000y\000p\000e\000r\000v\000o\000l\000u\000m\000e}{appendix.A}% 130
\BOOKMARK [2][-]{subsection.A.3}{\376\377\000C\000\341\000l\000c\000u\000l\000o\000\040\000d\000e\000\040\000S\000p\000a\000c\000i\000n\000g}{appendix.A}% 131
\BOOKMARK [2][-]{subsection.A.4}{\376\377\000O\000p\000e\000r\000a\000d\000o\000r\000e\000s\000\040\000G\000e\000n\000\351\000t\000i\000c\000o\000s}{appendix.A}% 132
\BOOKMARK [3][-]{subsubsection.A.4.1}{\376\377\000S\000i\000m\000u\000l\000a\000t\000e\000d\000\040\000B\000i\000n\000a\000r\000y\000\040\000C\000r\000o\000s\000s\000o\000v\000e\000r\000\040\000\050\000S\000B\000X\000\051}{subsection.A.4}% 133
\BOOKMARK [3][-]{subsubsection.A.4.2}{\376\377\000M\000u\000t\000a\000\347\000\343\000o\000\040\000P\000o\000l\000i\000n\000o\000m\000i\000a\000l}{subsection.A.4}% 134
\BOOKMARK [1][-]{appendix.B}{\376\377\000A\000p\000\352\000n\000d\000i\000c\000e\000\040\000B\000:\000\040\000P\000a\000r\000\342\000m\000e\000t\000r\000o\000s\000\040\000D\000e\000t\000a\000l\000h\000a\000d\000o\000s}{}% 135
\BOOKMARK [2][-]{subsection.B.1}{\376\377\000C\000o\000n\000f\000i\000g\000u\000r\000a\000\347\000\343\000o\000\040\000C\000o\000m\000p\000l\000e\000t\000a\000\040\000d\000o\000\040\000N\000S\000G\000A\000-\000I\000I}{appendix.B}% 136
\BOOKMARK [2][-]{subsection.B.2}{\376\377\000E\000s\000p\000e\000c\000i\000f\000i\000c\000a\000\347\000\365\000e\000s\000\040\000d\000o\000s\000\040\000P\000r\000o\000b\000l\000e\000m\000a\000s}{appendix.B}% 137
\BOOKMARK [1][-]{appendix.C}{\376\377\000A\000p\000\352\000n\000d\000i\000c\000e\000\040\000C\000:\000\040\000D\000a\000d\000o\000s\000\040\000E\000s\000t\000a\000t\000\355\000s\000t\000i\000c\000o\000s\000\040\000C\000o\000m\000p\000l\000e\000t\000o\000s}{}% 138
\BOOKMARK [2][-]{subsection.C.1}{\376\377\000T\000a\000b\000e\000l\000a\000\040\000C\000o\000n\000s\000o\000l\000i\000d\000a\000d\000a\000\040\000d\000e\000\040\000R\000e\000s\000u\000l\000t\000a\000d\000o\000s}{appendix.C}% 139
\BOOKMARK [2][-]{subsection.C.2}{\376\377\000A\000n\000\341\000l\000i\000s\000e\000\040\000d\000e\000\040\000V\000a\000r\000i\000\342\000n\000c\000i\000a\000\040\000\050\000A\000N\000O\000V\000A\000\051}{appendix.C}% 140
\BOOKMARK [1][-]{appendix.D}{\376\377\000A\000p\000\352\000n\000d\000i\000c\000e\000\040\000D\000:\000\040\000I\000n\000f\000r\000a\000e\000s\000t\000r\000u\000t\000u\000r\000a\000\040\000C\000o\000m\000p\000u\000t\000a\000c\000i\000o\000n\000a\000l}{}% 141
\BOOKMARK [2][-]{subsection.D.1}{\376\377\000A\000m\000b\000i\000e\000n\000t\000e\000\040\000d\000e\000\040\000E\000x\000e\000c\000u\000\347\000\343\000o}{appendix.D}% 142
\BOOKMARK [2][-]{subsection.D.2}{\376\377\000T\000e\000m\000p\000o\000\040\000d\000e\000\040\000E\000x\000e\000c\000u\000\347\000\343\000o}{appendix.D}% 143
\BOOKMARK [1][-]{appendix.E}{\376\377\000A\000p\000\352\000n\000d\000i\000c\000e\000\040\000E\000:\000\040\000A\000r\000q\000u\000i\000v\000o\000s\000\040\000d\000e\000\040\000D\000a\000d\000o\000s}{}% 144
\BOOKMARK [2][-]{subsection.E.1}{\376\377\000E\000s\000t\000r\000u\000t\000u\000r\000a\000\040\000d\000e\000\040\000A\000r\000q\000u\000i\000v\000o\000\040\000J\000S\000O\000N\000\040\000d\000e\000\040\000C\000o\000n\000v\000e\000r\000g\000\352\000n\000c\000i\000a}{appendix.E}% 145
\BOOKMARK [2][-]{subsection.E.2}{\376\377\000C\000o\000m\000a\000n\000d\000o\000s\000\040\000d\000e\000\040\000R\000e\000p\000r\000o\000d\000u\000\347\000\343\000o}{appendix.E}% 146
